Run started on:
	Date: 2021/8/1
	Time: 22:36:57
	PyGBe version: 0.3.1+43.g2443fe6
Config file: sphere_20/sphere_20_1.config
Parameter file: /home/bard415/repos/sphere_dipoles_slic/sphere_20/sphere_20.param
Geometry folder: /home/bard415/repos/sphere_dipoles_slic/sphere_20/geometry
Running in: /home/bard415/repos/sphere_dipoles_slic/sphere_20
Could not find `nvcc` on your PATH.  Is cuda installed?  PyGBe will continue to run but will run significantly slower.  For optimal performance, add `nvcc` to your PATH

Reading surface 0 from file ./surf1Xh2PD
Time load mesh: 0.09370231628417969
Removed areas=0: 0

Reading surface 1 from file ./surf0UZ6kG
Time load mesh: 0.10903024673461914
Removed areas=0: 0

Total elements : 21874
Total equations: 43748
----------------------------

2 surfaces:

Surface 0:
	9814 elements
	Surface type         : dielectric_interface
	Cells                : 65
	Twigs                : 56
	Levels               : 3
	C0 size              : 19.991219246127336
	C0 box center        : -3.706927661597425e-16, -4.2897900957913044e-05, -7.132667617763617e-06
	Twig cell size       : 4.997804811531834
	Rbox/theta           : 9.995609623063668
	Analytic distance    : 2.023544109107244
	Elem. per Ang^2      : 1.9536676538223772
	Max, min, avg elem.  : 0.581901937256399, 0.44395697199165596, 0.5118577860689286
	Total area           : 5023.372312480466
Surface 1:
	12060 elements
	Surface type         : stern_layer
	Cells                : 65
	Twigs                : 56
	Levels               : 3
	C0 size              : 21.99226655107296
	C0 box center        : 6.033132350069176e-16, -3.1343283582206215e-05, -1.9347705909384972e-07
	Twig cell size       : 5.49806663776824
	Rbox/theta           : 10.99613327553648
	Analytic distance    : 2.008078192265229
	Elem. per Ang^2      : 1.9838822667254967
	Max, min, avg elem.  : 0.5691545225859143, 0.43408611564123994, 0.5040621698033287
	Total area           : 6078.989767828145
------------------------------

3 regions:

Region 0:
	Laplace or Yukawa: 2
	kappa            : 0.125
	dielectric const : 80.0
	Number of charges: 0
	Parent surface   : []
	Child surfaces   : [1]
Region 1:
	Laplace or Yukawa: 1
	kappa            : 1e-12
	dielectric const : 80.0
	Number of charges: 0
	Parent surface   : [1]
	Child surfaces   : [0]
Region 2:
	Laplace or Yukawa: 1
	kappa            : 1e-12
	dielectric const : 1.0
	Number of charges: 2
	Parent surface   : [0]
	Child surfaces   : []
------------------------------

Parameters:
	Data type               : <class 'numpy.float64'>
	Use GPU                 : 0
	P                       : 6
	threshold               : 0.50
	theta                   : 0.50
	NCRIT                   : 500
	CUDA block size         : 128
	Gauss points per element: 7
	Gauss points near singlr: 19
	1D Gauss points per side: 13
	GMRES tolerance         : 1e-05
	GMRES max iterations    : 1000
	GMRES restart iteration : 500
----------------------------

Generate interaction list
Transfer data to GPU
Generate RHS
List time          : 0.0360715389251709s
Data transfer time : 1.1920928955078125e-06s
RHS generation time: 0.0004940032958984375s
------------------------------
Total setup time   : 1.7457318305969238s
Solve
Iteration: 1, relative residual: 0.6187820326681538
Iteration: 2, relative residual: 0.3810331062595493
Iteration: 3, relative residual: 0.2935676307818555
Iteration: 4, relative residual: 0.2052797310998542
Iteration: 5, relative residual: 0.11657991220593926
Iteration: 6, relative residual: 0.06628496650366945
Iteration: 7, relative residual: 0.05705221133599702
Iteration: 8, relative residual: 0.03456606860557549
Iteration: 9, relative residual: 0.025356842976739437
Iteration: 10, relative residual: 0.015050549859415608
Iteration: 11, relative residual: 0.008572336851489623
Iteration: 12, relative residual: 0.006311656034951943
Iteration: 13, relative residual: 0.004638218338184294
Iteration: 14, relative residual: 0.0032351792424360633
Iteration: 15, relative residual: 0.0020383084982220473
Iteration: 16, relative residual: 0.0015414739046879997
Iteration: 17, relative residual: 0.0009972904210184719
Iteration: 18, relative residual: 0.0007479893546372409
Iteration: 19, relative residual: 0.0006291649311170409
Iteration: 20, relative residual: 0.00046169294143981796
Iteration: 21, relative residual: 0.00035838241616514035
Iteration: 22, relative residual: 0.00027401771227029097
Iteration: 23, relative residual: 0.00019850375924998075
Iteration: 24, relative residual: 0.00014152854667063652
Iteration: 25, relative residual: 0.00010344441074234105
Iteration: 26, relative residual: 6.729036951050374e-05
Iteration: 27, relative residual: 5.0271079070997254e-05
Iteration: 28, relative residual: 3.277969096401756e-05
Iteration: 29, relative residual: 2.5815442237308303e-05
Iteration: 30, relative residual: 1.5674606906677067e-05
Iteration: 31, relative residual: 1.0227964904136233e-05
GMRES solve
Converged after 32 iterations to a residual of 8.179539536582506e-06
Time weight vector: 2.5482277832031244
Time sort         : 0.23912377929687492
Time data transfer: 0.0
Time P2M          : 6.782789062500005
Time M2M          : 0.1738168945312499
Time M2P          : 100.18773436546326
Time P2P          : 305.84936237335205
	Time analy: 8.399352550506592
Solve time        : 415.88403820991516s

Calculate Solvation Energy (E_solv)
Calculating solvation energy for region 2, stored in E_solv[0]
0.0 of 9814 analytical integrals for phi_reac calculation in region 2
Time E_solv: 0.24991250038146973s
Region 2: E_solv = -20.564681658715113 kcal/mol = -86.04262806006403 kJ/mol

Calculate Surface Energy (E_surf)
Time E_surf: 0.015031576156616211s

Calculate Coulomb Energy (E_coul)
Calculate Coulomb energy for region 2
Region 2: E_coul = -118.59418332114001 kcal/mol = -496.19806301564984 kJ/mol
Time E_coul: 0.0006656646728515625s

------------------------------
Totals:
E_solv = -20.564681658715113 kcal/mol
E_surf = 0 kcal/mol
E_coul = -118.59418332114001 kcal/mol

Time = 417.9751965999603 s
