Run started on:
	Date: 2021/8/1
	Time: 23:22:43
	PyGBe version: 0.3.1+43.g2443fe6
Config file: sphere_20/sphere_20_1.config
Parameter file: /home/bard415/repos/sphere_dipoles_slic/sphere_20/sphere_20.param
Geometry folder: /home/bard415/repos/sphere_dipoles_slic/sphere_20/geometry
Running in: /home/bard415/repos/sphere_dipoles_slic/sphere_20
Could not find `nvcc` on your PATH.  Is cuda installed?  PyGBe will continue to run but will run significantly slower.  For optimal performance, add `nvcc` to your PATH

Reading surface 0 from file ./surf1Xh2PD
Time load mesh: 0.09667754173278809
Removed areas=0: 0

Reading surface 1 from file ./surf0UZ6kG
Time load mesh: 0.11301445960998535
Removed areas=0: 0

Total elements : 21874
Total equations: 43748
----------------------------

2 surfaces:

Surface 0:
	9814 elements
	Surface type         : dielectric_interface
	Cells                : 65
	Twigs                : 56
	Levels               : 3
	C0 size              : 19.991219246127336
	C0 box center        : -3.706927661597425e-16, -4.2897900957913044e-05, -7.132667617763617e-06
	Twig cell size       : 4.997804811531834
	Rbox/theta           : 9.995609623063668
	Analytic distance    : 2.023544109107244
	Elem. per Ang^2      : 1.9536676538223772
	Max, min, avg elem.  : 0.581901937256399, 0.44395697199165596, 0.5118577860689286
	Total area           : 5023.372312480466
Surface 1:
	12060 elements
	Surface type         : stern_layer
	Cells                : 65
	Twigs                : 56
	Levels               : 3
	C0 size              : 21.99226655107296
	C0 box center        : 6.033132350069176e-16, -3.1343283582206215e-05, -1.9347705909384972e-07
	Twig cell size       : 5.49806663776824
	Rbox/theta           : 10.99613327553648
	Analytic distance    : 2.008078192265229
	Elem. per Ang^2      : 1.9838822667254967
	Max, min, avg elem.  : 0.5691545225859143, 0.43408611564123994, 0.5040621698033287
	Total area           : 6078.989767828145
------------------------------

3 regions:

Region 0:
	Laplace or Yukawa: 2
	kappa            : 0.125
	dielectric const : 80.0
	Number of charges: 0
	Parent surface   : []
	Child surfaces   : [1]
Region 1:
	Laplace or Yukawa: 1
	kappa            : 1e-12
	dielectric const : 80.0
	Number of charges: 0
	Parent surface   : [1]
	Child surfaces   : [0]
Region 2:
	Laplace or Yukawa: 1
	kappa            : 1e-12
	dielectric const : 1.0
	Number of charges: 2
	Parent surface   : [0]
	Child surfaces   : []
------------------------------

Parameters:
	Data type               : <class 'numpy.float64'>
	Use GPU                 : 0
	P                       : 6
	threshold               : 0.50
	theta                   : 0.50
	NCRIT                   : 500
	CUDA block size         : 128
	Gauss points per element: 7
	Gauss points near singlr: 19
	1D Gauss points per side: 13
	GMRES tolerance         : 1e-05
	GMRES max iterations    : 1000
	GMRES restart iteration : 500
----------------------------

Generate interaction list
Transfer data to GPU
Generate RHS
List time          : 0.02923750877380371s
Data transfer time : 1.430511474609375e-06s
RHS generation time: 0.00055694580078125s
------------------------------
Total setup time   : 1.7109622955322266s
Solve
Asymmetric parameters:
alpha: 0.500000, beta: -60.000000, gamma: -0.500000
Picard: 
	max iter: 20
tolerance: 0.000100

Picard iteration 0
Solve for phi
Iteration: 1, relative residual: 0.6360761150389558
Iteration: 2, relative residual: 0.4277579026411154
Iteration: 3, relative residual: 0.3743972698609627
Iteration: 4, relative residual: 0.2617018524131776
Iteration: 5, relative residual: 0.2009464219545874
Iteration: 6, relative residual: 0.1311735111806411
Iteration: 7, relative residual: 0.08637631450446566
Iteration: 8, relative residual: 0.06321838069658245
Iteration: 9, relative residual: 0.04890504828723964
Iteration: 10, relative residual: 0.03677884366610716
Iteration: 11, relative residual: 0.023236540809956092
Iteration: 12, relative residual: 0.01691155185867665
Iteration: 13, relative residual: 0.01251733766813651
Iteration: 14, relative residual: 0.009250309190452664
Iteration: 15, relative residual: 0.00566500040277753
Iteration: 16, relative residual: 0.0036625049118900973
Iteration: 17, relative residual: 0.0025119154808830985
Iteration: 18, relative residual: 0.0016734585357870441
Iteration: 19, relative residual: 0.0013243058126778074
Iteration: 20, relative residual: 0.0009243480630967926
Iteration: 21, relative residual: 0.0006647615058735986
Iteration: 22, relative residual: 0.0005112065195775061
Iteration: 23, relative residual: 0.00032108473440882473
Iteration: 24, relative residual: 0.00022351703651728958
Iteration: 25, relative residual: 0.00013678846470771487
Iteration: 26, relative residual: 9.5953524531538e-05
Iteration: 27, relative residual: 7.296449641244902e-05
Iteration: 28, relative residual: 5.3566195322491405e-05
Iteration: 29, relative residual: 4.284070003378309e-05
Iteration: 30, relative residual: 3.0419341778880006e-05
Iteration: 31, relative residual: 2.4450788083877973e-05
Iteration: 32, relative residual: 1.6744279065639325e-05
Iteration: 33, relative residual: 1.1249636862455334e-05
GMRES solve
Converged after 34 iterations to a residual of 8.050719214896964e-06
Time weight vector: 2.6647170410156256
Time sort         : 0.25112548828125014
Time data transfer: 0.0
Time P2M          : 7.290429687499999
Time M2M          : 0.18119604492187497
Time M2P          : 108.5770993232727
Time P2P          : 321.3812413215637
	Time analy: 8.819202423095703

Picard iteration 1
Solve for sigma
Iteration: 1, relative residual: 0.7892318348941356
Iteration: 2, relative residual: 0.5004281903621773
Iteration: 3, relative residual: 0.31177528922166214
Iteration: 4, relative residual: 0.1805725214795423
Iteration: 5, relative residual: 0.09878385265692848
Iteration: 6, relative residual: 0.052382066547454746
Iteration: 7, relative residual: 0.02728616573062492
Iteration: 8, relative residual: 0.014070451816384525
Iteration: 9, relative residual: 0.007214962048738465
Iteration: 10, relative residual: 0.004178673944896621
Iteration: 11, relative residual: 0.0033059166476170835
Iteration: 12, relative residual: 0.0018247942444212023
Iteration: 13, relative residual: 0.0013933931221689745
Iteration: 14, relative residual: 0.0007480069161599946
Iteration: 15, relative residual: 0.0003810819863080395
Iteration: 16, relative residual: 0.00022727031717731212
Iteration: 17, relative residual: 0.00017763939970148607
Iteration: 18, relative residual: 0.0001442452431078314
Iteration: 19, relative residual: 8.349527588806441e-05
Iteration: 20, relative residual: 5.683599684855732e-05
Iteration: 21, relative residual: 3.859290792663393e-05
Iteration: 22, relative residual: 2.4157020140105843e-05
Iteration: 23, relative residual: 2.0043185668333255e-05
Iteration: 24, relative residual: 1.171667304213698e-05
GMRES solve
Converged after 25 iterations to a residual of 7.93616675320683e-06
Time weight vector: 2.976626953125002
Time sort         : 0.28284521484375025
Time data transfer: 0.0
Time P2M          : 8.13636474609375
Time M2M          : 0.20442675781250003
Time M2P          : 121.91225099563599
Time P2P          : 349.4142210483551
	Time analy: 9.893276929855347
Solve for phi
Iteration: 1, relative residual: 0.1528055896138874
Iteration: 2, relative residual: 0.12795188420810014
Iteration: 3, relative residual: 0.10402901673717833
Iteration: 4, relative residual: 0.09022728531378169
Iteration: 5, relative residual: 0.07332537276323733
Iteration: 6, relative residual: 0.06016180906674585
Iteration: 7, relative residual: 0.04937680412847087
Iteration: 8, relative residual: 0.03823254518597423
Iteration: 9, relative residual: 0.02272765683756334
Iteration: 10, relative residual: 0.011739813662712088
Iteration: 11, relative residual: 0.007811372460957033
Iteration: 12, relative residual: 0.004983113977743414
Iteration: 13, relative residual: 0.004186560186438197
Iteration: 14, relative residual: 0.002818355081720804
Iteration: 15, relative residual: 0.0021936604017205852
Iteration: 16, relative residual: 0.0013229635799405079
Iteration: 17, relative residual: 0.0008315630653819721
Iteration: 18, relative residual: 0.0006063609562939713
Iteration: 19, relative residual: 0.00039525170607190965
Iteration: 20, relative residual: 0.0003145852144907694
Iteration: 21, relative residual: 0.00019756509475022348
Iteration: 22, relative residual: 0.00012819163248402532
Iteration: 23, relative residual: 8.815074371221443e-05
Iteration: 24, relative residual: 5.393223124287526e-05
Iteration: 25, relative residual: 3.9116606515192436e-05
Iteration: 26, relative residual: 3.057643239344901e-05
Iteration: 27, relative residual: 1.9861950757385034e-05
Iteration: 28, relative residual: 1.4410675128913386e-05
Iteration: 29, relative residual: 1.2028090466120901e-05
GMRES solve
Converged after 30 iterations to a residual of 8.939567065978208e-06
Time weight vector: 5.392046874999998
Time sort         : 0.5014213867187501
Time data transfer: 0.0
Time P2M          : 14.394276123046877
Time M2M          : 0.3602397460937501
Time M2P          : 218.26623630523682
Time P2P          : 631.9298357963562
	Time analy: 17.605958223342896

Picard iteration 2
Solve for sigma
Iteration: 1, relative residual: 0.1822936013789473
Iteration: 2, relative residual: 0.09884608645591236
Iteration: 3, relative residual: 0.046231226051447694
Iteration: 4, relative residual: 0.019875442021384655
Iteration: 5, relative residual: 0.008077805612329061
Iteration: 6, relative residual: 0.003154055114905283
Iteration: 7, relative residual: 0.0012168833321670393
Iteration: 8, relative residual: 0.0005010616888064048
Iteration: 9, relative residual: 0.0002625005252346049
Iteration: 10, relative residual: 0.00022203689468438322
Iteration: 11, relative residual: 0.00013322538294655774
Iteration: 12, relative residual: 0.00010248074604248515
Iteration: 13, relative residual: 5.6459850684265166e-05
Iteration: 14, relative residual: 2.857981474035268e-05
Iteration: 15, relative residual: 1.870410413718556e-05
Iteration: 16, relative residual: 1.5829705313692556e-05
Iteration: 17, relative residual: 1.3629447845175184e-05
GMRES solve
Converged after 18 iterations to a residual of 8.786513522456224e-06
Time weight vector: 5.626097167968748
Time sort         : 0.5237587890624997
Time data transfer: 0.0
Time P2M          : 15.044001464843754
Time M2M          : 0.3885615234374999
Time M2P          : 228.9255633354187
Time P2P          : 652.6651539802551
	Time analy: 18.394413948059082
Solve for phi
Iteration: 1, relative residual: 0.0008041926418131039
Iteration: 2, relative residual: 0.0005469197328899074
Iteration: 3, relative residual: 0.00041376422881600933
Iteration: 4, relative residual: 0.00029197077999262784
Iteration: 5, relative residual: 0.00019366847156574368
Iteration: 6, relative residual: 0.00013377649750634938
Iteration: 7, relative residual: 0.00010826402685553333
Iteration: 8, relative residual: 8.093847292092137e-05
Iteration: 9, relative residual: 5.532902826968477e-05
Iteration: 10, relative residual: 3.3993505708567515e-05
Iteration: 11, relative residual: 2.2387378402449943e-05
Iteration: 12, relative residual: 1.4761347598098205e-05
Iteration: 13, relative residual: 1.158492835101481e-05
GMRES solve
Converged after 14 iterations to a residual of 6.8073308653742595e-06
Time weight vector: 6.821882324218746
Time sort         : 0.6331557617187495
Time data transfer: 0.0
Time P2M          : 18.21393383789063
Time M2M          : 0.46704150390625
Time M2P          : 276.8317940235138
Time P2P          : 794.2169225215912
	Time analy: 22.259496927261353

Picard iteration 3
Solve for sigma
Iteration: 1, relative residual: 0.0005666483318138421
Iteration: 2, relative residual: 0.00039078305578395126
Iteration: 3, relative residual: 0.0002436655838922086
Iteration: 4, relative residual: 0.00014214034793437596
Iteration: 5, relative residual: 8.16941704162349e-05
Iteration: 6, relative residual: 4.9208276572245283e-05
Iteration: 7, relative residual: 3.1999730999325615e-05
Iteration: 8, relative residual: 2.1268393541432525e-05
Iteration: 9, relative residual: 1.2826784321632515e-05
GMRES solve
Converged after 10 iterations to a residual of 7.108413851214938e-06
Time weight vector: 6.9648828124999955
Time sort         : 0.6488886718749992
Time data transfer: 0.0
Time P2M          : 18.604285400390633
Time M2M          : 0.47772265625000004
Time M2P          : 283.01728987693787
Time P2P          : 807.2962539196014
	Time analy: 22.755669116973877
Solve for phi
Reached Picard tolerance of 0.0001
Error: 0.0
Solve time        : 1132.3675920963287s

Calculate Solvation Energy (E_solv)
Calculating solvation energy for region 2, stored in E_solv[0]
0.0 of 9814 analytical integrals for phi_reac calculation in region 2
Time E_solv: 0.2293226718902588s
Region 2: E_solv = -13.773390703305747 kcal/mol = -57.627866702631245 kJ/mol

Calculate Surface Energy (E_surf)
Time E_surf: 0.01201486587524414s

Calculate Coulomb Energy (E_coul)
Calculate Coulomb energy for region 2
Region 2: E_coul = -118.59418332114001 kcal/mol = -496.19806301564984 kJ/mol
Time E_coul: 0.00010824203491210938s

------------------------------
Totals:
E_solv = -13.773390703305747 kcal/mol
E_surf = 0 kcal/mol
E_coul = -118.59418332114001 kcal/mol

Time = 1134.3898198604584 s
