Run started on:
	Date: 2021/8/1
	Time: 23:0:6
	PyGBe version: 0.3.1+43.g2443fe6
Config file: sphere_20/sphere_20_1.config
Parameter file: /home/bard415/repos/sphere_dipoles_slic/sphere_20/sphere_20.param
Geometry folder: /home/bard415/repos/sphere_dipoles_slic/sphere_20/geometry
Running in: /home/bard415/repos/sphere_dipoles_slic/sphere_20
Could not find `nvcc` on your PATH.  Is cuda installed?  PyGBe will continue to run but will run significantly slower.  For optimal performance, add `nvcc` to your PATH

Reading surface 0 from file ./surf1Xh2PD
Time load mesh: 0.09342503547668457
Removed areas=0: 0

Reading surface 1 from file ./surf0UZ6kG
Time load mesh: 0.10677933692932129
Removed areas=0: 0

Total elements : 21874
Total equations: 43748
----------------------------

2 surfaces:

Surface 0:
	9814 elements
	Surface type         : dielectric_interface
	Cells                : 65
	Twigs                : 56
	Levels               : 3
	C0 size              : 19.991219246127336
	C0 box center        : -3.706927661597425e-16, -4.2897900957913044e-05, -7.132667617763617e-06
	Twig cell size       : 4.997804811531834
	Rbox/theta           : 9.995609623063668
	Analytic distance    : 2.023544109107244
	Elem. per Ang^2      : 1.9536676538223772
	Max, min, avg elem.  : 0.581901937256399, 0.44395697199165596, 0.5118577860689286
	Total area           : 5023.372312480466
Surface 1:
	12060 elements
	Surface type         : stern_layer
	Cells                : 65
	Twigs                : 56
	Levels               : 3
	C0 size              : 21.99226655107296
	C0 box center        : 6.033132350069176e-16, -3.1343283582206215e-05, -1.9347705909384972e-07
	Twig cell size       : 5.49806663776824
	Rbox/theta           : 10.99613327553648
	Analytic distance    : 2.008078192265229
	Elem. per Ang^2      : 1.9838822667254967
	Max, min, avg elem.  : 0.5691545225859143, 0.43408611564123994, 0.5040621698033287
	Total area           : 6078.989767828145
------------------------------

3 regions:

Region 0:
	Laplace or Yukawa: 2
	kappa            : 0.125
	dielectric const : 80.0
	Number of charges: 0
	Parent surface   : []
	Child surfaces   : [1]
Region 1:
	Laplace or Yukawa: 1
	kappa            : 1e-12
	dielectric const : 80.0
	Number of charges: 0
	Parent surface   : [1]
	Child surfaces   : [0]
Region 2:
	Laplace or Yukawa: 1
	kappa            : 1e-12
	dielectric const : 1.0
	Number of charges: 2
	Parent surface   : [0]
	Child surfaces   : []
------------------------------

Parameters:
	Data type               : <class 'numpy.float64'>
	Use GPU                 : 0
	P                       : 6
	threshold               : 0.50
	theta                   : 0.50
	NCRIT                   : 500
	CUDA block size         : 128
	Gauss points per element: 7
	Gauss points near singlr: 19
	1D Gauss points per side: 13
	GMRES tolerance         : 1e-05
	GMRES max iterations    : 1000
	GMRES restart iteration : 500
----------------------------

Generate interaction list
Transfer data to GPU
Generate RHS
List time          : 0.029008150100708008s
Data transfer time : 7.152557373046875e-07s
RHS generation time: 0.0004684925079345703s
------------------------------
Total setup time   : 1.7080719470977783s
Solve
Asymmetric parameters:
alpha: 0.500000, beta: -60.000000, gamma: -0.500000
Picard: 
	max iter: 20
tolerance: 0.000100

Picard iteration 0
Solve for phi
Iteration: 1, relative residual: 0.5929337702151267
Iteration: 2, relative residual: 0.4416543588054894
Iteration: 3, relative residual: 0.3376973550411576
Iteration: 4, relative residual: 0.2515101747587611
Iteration: 5, relative residual: 0.17518781519672735
Iteration: 6, relative residual: 0.11359762970836543
Iteration: 7, relative residual: 0.07561660231973662
Iteration: 8, relative residual: 0.06378335179212917
Iteration: 9, relative residual: 0.04513144534847686
Iteration: 10, relative residual: 0.031653756812017646
Iteration: 11, relative residual: 0.02087143870659133
Iteration: 12, relative residual: 0.016038474635630726
Iteration: 13, relative residual: 0.012502450608755936
Iteration: 14, relative residual: 0.008209908193145831
Iteration: 15, relative residual: 0.0046890774455618555
Iteration: 16, relative residual: 0.003547699872143676
Iteration: 17, relative residual: 0.0021853057344791193
Iteration: 18, relative residual: 0.0015996586867462823
Iteration: 19, relative residual: 0.0012344367198974858
Iteration: 20, relative residual: 0.0009020094418845997
Iteration: 21, relative residual: 0.0007099494566584287
Iteration: 22, relative residual: 0.0004588091566233928
Iteration: 23, relative residual: 0.00031391074057460905
Iteration: 24, relative residual: 0.0002078609893286907
Iteration: 25, relative residual: 0.0001290377795333213
Iteration: 26, relative residual: 8.898638197614138e-05
Iteration: 27, relative residual: 6.933129003977432e-05
Iteration: 28, relative residual: 4.5821514273590226e-05
Iteration: 29, relative residual: 3.2720430561219157e-05
Iteration: 30, relative residual: 2.4385158455362507e-05
Iteration: 31, relative residual: 1.8758664197124007e-05
Iteration: 32, relative residual: 1.462374721752695e-05
Iteration: 33, relative residual: 1.0417826834121155e-05
GMRES solve
Converged after 34 iterations to a residual of 7.490293165056249e-06
Time weight vector: 2.7199824218750015
Time sort         : 0.25916308593749987
Time data transfer: 0.0
Time P2M          : 7.570468017578127
Time M2M          : 0.19074438476562505
Time M2P          : 107.84785962104797
Time P2P          : 325.97823429107666
	Time analy: 8.883109092712402

Picard iteration 1
Solve for sigma
Iteration: 1, relative residual: 0.7133275273419091
Iteration: 2, relative residual: 0.5616519316377075
Iteration: 3, relative residual: 0.3678356658732412
Iteration: 4, relative residual: 0.22667528328049646
Iteration: 5, relative residual: 0.1355470134745207
Iteration: 6, relative residual: 0.07949108644703765
Iteration: 7, relative residual: 0.04579788136633853
Iteration: 8, relative residual: 0.025847916372478488
Iteration: 9, relative residual: 0.014265725041205806
Iteration: 10, relative residual: 0.009003854778295234
Iteration: 11, relative residual: 0.00693916870080408
Iteration: 12, relative residual: 0.0038963415719852562
Iteration: 13, relative residual: 0.0029850883960331727
Iteration: 14, relative residual: 0.0016290249018457352
Iteration: 15, relative residual: 0.0008317537343778659
Iteration: 16, relative residual: 0.0004829718241123143
Iteration: 17, relative residual: 0.00039229120289839596
Iteration: 18, relative residual: 0.0003082269274359312
Iteration: 19, relative residual: 0.00018222704161879386
Iteration: 20, relative residual: 0.00011915707792869934
Iteration: 21, relative residual: 8.509269654952492e-05
Iteration: 22, relative residual: 5.294938501746012e-05
Iteration: 23, relative residual: 4.45330228762811e-05
Iteration: 24, relative residual: 2.529851108125963e-05
Iteration: 25, relative residual: 1.6649003515939912e-05
GMRES solve
Converged after 26 iterations to a residual of 8.905634410326834e-06
Time weight vector: 3.043429443359376
Time sort         : 0.2928366699218749
Time data transfer: 0.0
Time P2M          : 8.46835620117188
Time M2M          : 0.21609716796875
Time M2P          : 121.44826579093933
Time P2P          : 355.150004863739
	Time analy: 9.984810590744019
Solve for phi
Iteration: 1, relative residual: 0.14329169679796244
Iteration: 2, relative residual: 0.12117752171257595
Iteration: 3, relative residual: 0.1000197447136595
Iteration: 4, relative residual: 0.08680435962103336
Iteration: 5, relative residual: 0.0712883392139439
Iteration: 6, relative residual: 0.058443116757301475
Iteration: 7, relative residual: 0.04826256234948337
Iteration: 8, relative residual: 0.03737369138207876
Iteration: 9, relative residual: 0.022195481459680786
Iteration: 10, relative residual: 0.01153142942587525
Iteration: 11, relative residual: 0.007522165097876035
Iteration: 12, relative residual: 0.004910852019729986
Iteration: 13, relative residual: 0.004050765448574642
Iteration: 14, relative residual: 0.0026729615540618534
Iteration: 15, relative residual: 0.002075852418421339
Iteration: 16, relative residual: 0.0012351314396373202
Iteration: 17, relative residual: 0.0007759712434096111
Iteration: 18, relative residual: 0.0005740379954566851
Iteration: 19, relative residual: 0.00036697947291527077
Iteration: 20, relative residual: 0.00028731096744199743
Iteration: 21, relative residual: 0.0001822451577444365
Iteration: 22, relative residual: 0.00011766473872377035
Iteration: 23, relative residual: 8.13466402204808e-05
Iteration: 24, relative residual: 5.018414698011203e-05
Iteration: 25, relative residual: 3.771756038573495e-05
Iteration: 26, relative residual: 3.0141528707834273e-05
Iteration: 27, relative residual: 2.0441332548746454e-05
Iteration: 28, relative residual: 1.5030718947550577e-05
Iteration: 29, relative residual: 1.0850686051205596e-05
GMRES solve
Converged after 30 iterations to a residual of 9.443758800326627e-06
Time weight vector: 5.511685791015626
Time sort         : 0.5167312011718747
Time data transfer: 0.0
Time P2M          : 14.99142236328126
Time M2M          : 0.3791987304687499
Time M2P          : 218.1616656780243
Time P2P          : 642.5959224700928
	Time analy: 17.8625807762146

Picard iteration 2
Solve for sigma
Iteration: 1, relative residual: 0.15203758055352132
Iteration: 2, relative residual: 0.08536571897838525
Iteration: 3, relative residual: 0.042796514702584304
Iteration: 4, relative residual: 0.020483418685151692
Iteration: 5, relative residual: 0.00965001202506297
Iteration: 6, relative residual: 0.004534216459795962
Iteration: 7, relative residual: 0.002135060578377376
Iteration: 8, relative residual: 0.0010080208099366357
Iteration: 9, relative residual: 0.0004941413116538261
Iteration: 10, relative residual: 0.00040295573315996756
Iteration: 11, relative residual: 0.00021889300544422716
Iteration: 12, relative residual: 0.00015738024709939136
Iteration: 13, relative residual: 0.0001039853267841392
Iteration: 14, relative residual: 6.481716006803198e-05
Iteration: 15, relative residual: 4.2232398122453676e-05
Iteration: 16, relative residual: 3.471588151734145e-05
Iteration: 17, relative residual: 2.802099809784242e-05
Iteration: 18, relative residual: 1.9168801795398776e-05
Iteration: 19, relative residual: 1.060921244571366e-05
GMRES solve
Converged after 20 iterations to a residual of 7.304248955895046e-06
Time weight vector: 5.790098388671876
Time sort         : 0.5451379394531248
Time data transfer: 0.0
Time P2M          : 15.777864501953136
Time M2M          : 0.3991689453124999
Time M2P          : 229.1436789035797
Time P2P          : 666.2212176322937
	Time analy: 18.755433082580566
Solve for phi
Iteration: 1, relative residual: 0.0009725106827600959
Iteration: 2, relative residual: 0.0007336503705799455
Iteration: 3, relative residual: 0.0005553247032249732
Iteration: 4, relative residual: 0.0004012084067452519
Iteration: 5, relative residual: 0.00026878658234740557
Iteration: 6, relative residual: 0.00018879891051499725
Iteration: 7, relative residual: 0.00015161228272835028
Iteration: 8, relative residual: 0.00011515518666397867
Iteration: 9, relative residual: 7.739946051553353e-05
Iteration: 10, relative residual: 4.5802175957977904e-05
Iteration: 11, relative residual: 2.9670034752632262e-05
Iteration: 12, relative residual: 2.0582868452297455e-05
Iteration: 13, relative residual: 1.579164455739392e-05
GMRES solve
Converged after 14 iterations to a residual of 9.225791965837291e-06
Time weight vector: 7.039798095703125
Time sort         : 0.6583293457031246
Time data transfer: 0.0
Time P2M          : 19.006125000000026
Time M2M          : 0.48110815429687526
Time M2P          : 278.08718967437744
Time P2P          : 809.725751876831
	Time analy: 22.686649799346924

Picard iteration 3
Solve for sigma
Iteration: 1, relative residual: 0.0007029400840921908
Iteration: 2, relative residual: 0.0004950928363666321
Iteration: 3, relative residual: 0.00032167263889664084
Iteration: 4, relative residual: 0.00019485059186005437
Iteration: 5, relative residual: 0.00011362352363611963
Iteration: 6, relative residual: 6.619348125569421e-05
Iteration: 7, relative residual: 4.014346837666482e-05
Iteration: 8, relative residual: 2.579358956983461e-05
Iteration: 9, relative residual: 1.6723369324362104e-05
Iteration: 10, relative residual: 1.0306020274725044e-05
GMRES solve
Converged after 11 iterations to a residual of 8.747920772004884e-06
Time weight vector: 7.19605615234375
Time sort         : 0.6730598144531247
Time data transfer: 0.0
Time P2M          : 19.416751708984403
Time M2M          : 0.4929904785156251
Time M2P          : 284.83984875679016
Time P2P          : 823.7004115581512
	Time analy: 23.216317892074585
Solve for phi
Iteration: 1, relative residual: 1.132372913595113e-05
GMRES solve
Converged after 2 iterations to a residual of 9.595256175968361e-06
Time weight vector: 7.493516601562501
Time sort         : 0.7007463378906245
Time data transfer: 0.0
Time P2M          : 20.204035644531285
Time M2M          : 0.513306396484375
Time M2P          : 297.14741015434265
Time P2P          : 860.459965467453
	Time analy: 24.20934772491455
Reached Picard tolerance of 0.0001
Error: 1.7677520410583468e-06
Solve time        : 1187.8879070281982s

Calculate Solvation Energy (E_solv)
Calculating solvation energy for region 2, stored in E_solv[0]
0.0 of 9814 analytical integrals for phi_reac calculation in region 2
Time E_solv: 0.22423553466796875s
Region 2: E_solv = -30.962329793203622 kcal/mol = -129.54638785476396 kJ/mol

Calculate Surface Energy (E_surf)
Time E_surf: 0.011760711669921875s

Calculate Coulomb Energy (E_coul)
Calculate Coulomb energy for region 2
Region 2: E_coul = -118.59418332114001 kcal/mol = -496.19806301564984 kJ/mol
Time E_coul: 0.0003523826599121094s

------------------------------
Totals:
E_solv = -30.962329793203622 kcal/mol
E_surf = 0 kcal/mol
E_coul = -118.59418332114001 kcal/mol

Time = 1189.906243801117 s
